# JRE version: OpenJDK Runtime Environment (19.0.1+10) (build 19.0.1+10-21)
# Java VM: OpenJDK 64-Bit Server VM (19.0.1+10-21, mixed mode, sharing, tiered, compressed oops, compressed class ptrs, g1 gc, windows-amd64)
GC Precious Log:
 CardTable entry size: 512
 Card Set container configuration: InlinePtr #cards 5 size 8 Array Of Cards #cards 12 size 40 Howl #buckets 4 coarsen threshold 1843 Howl Bitmap #cards 512 size 80 coarsen threshold 460 Card regions per heap region 1 cards per card region 2048
 CPUs: 4 total, 4 available
 Memory: 8109M
 Large Page Support: Disabled
 NUMA Support: Disabled
 Compressed Oops: Enabled (32-bit)
 Heap Region Size: 1M
 Heap Min Capacity: 8M
 Heap Initial Capacity: 128M
 Heap Max Capacity: 2028M
 Pre-touch: Disabled
 Parallel Workers: 4
 Concurrent Workers: 1
 Concurrent Refinement Workers: 4
 Periodic GC: Disabled
Heap:
 garbage-first heap   total 344064K, used 200704K [0x0000000081400000, 0x0000000100000000)
  region size 1024K, 12 young (12288K), 12 survivors (12288K)
 Metaspace       used 15111K, committed 15424K, reserved 1114112K
  class space    used 1171K, committed 1344K, reserved 1048576K
GC Heap History (20 events):
Event: 14.084 GC heap after
{Heap after GC invocations=7 (full 0):
 garbage-first heap   total 131072K, used 43008K [0x0000000081400000, 0x0000000100000000)
  region size 1024K, 9 young (9216K), 9 survivors (9216K)
 Metaspace       used 14958K, committed 15296K, reserved 1114112K
  class space    used 1171K, committed 1344K, reserved 1048576K
}
Event: 14.488 GC heap before
{Heap before GC invocations=7 (full 0):
 garbage-first heap   total 131072K, used 92160K [0x0000000081400000, 0x0000000100000000)
  region size 1024K, 57 young (58368K), 9 survivors (9216K)
 Metaspace       used 14975K, committed 15360K, reserved 1114112K
  class space    used 1171K, committed 1344K, reserved 1048576K
}
Event: 14.533 GC heap after
{Heap after GC invocations=8 (full 0):
 garbage-first heap   total 184320K, used 53760K [0x0000000081400000, 0x0000000100000000)
  region size 1024K, 8 young (8192K), 8 survivors (8192K)
 Metaspace       used 14975K, committed 15360K, reserved 1114112K
  class space    used 1171K, committed 1344K, reserved 1048576K
}
Event: 15.491 GC heap before
{Heap before GC invocations=8 (full 0):
 garbage-first heap   total 184320K, used 133632K [0x0000000081400000, 0x0000000100000000)
  region size 1024K, 86 young (88064K), 8 survivors (8192K)
 Metaspace       used 15001K, committed 15360K, reserved 1114112K
  class space    used 1171K, committed 1344K, reserved 1048576K
}
Event: 15.550 GC heap after
{Heap after GC invocations=9 (full 0):
 garbage-first heap   total 184320K, used 73216K [0x0000000081400000, 0x0000000100000000)
  region size 1024K, 11 young (11264K), 11 survivors (11264K)
 Metaspace       used 15001K, committed 15360K, reserved 1114112K
  class space    used 1171K, committed 1344K, reserved 1048576K
}
Event: 15.975 GC heap before
{Heap before GC invocations=9 (full 0):
 garbage-first heap   total 184320K, used 132608K [0x0000000081400000, 0x0000000100000000)
  region size 1024K, 69 young (70656K), 11 survivors (11264K)
 Metaspace       used 15015K, committed 15360K, reserved 1114112K
  class space    used 1171K, committed 1344K, reserved 1048576K
}
Event: 16.006 GC heap after
{Heap after GC invocations=10 (full 0):
 garbage-first heap   total 184320K, used 85504K [0x0000000081400000, 0x0000000100000000)
  region size 1024K, 9 young (9216K), 9 survivors (9216K)
 Metaspace       used 15015K, committed 15360K, reserved 1114112K
  class space    used 1171K, committed 1344K, reserved 1048576K
}
Event: 16.326 GC heap before
{Heap before GC invocations=10 (full 0):
 garbage-first heap   total 184320K, used 135680K [0x0000000081400000, 0x0000000100000000)
  region size 1024K, 58 young (59392K), 9 survivors (9216K)
 Metaspace       used 15029K, committed 15360K, reserved 1114112K
  class space    used 1171K, committed 1344K, reserved 1048576K
}
Event: 16.360 GC heap after
{Heap after GC invocations=11 (full 0):
 garbage-first heap   total 184320K, used 96256K [0x0000000081400000, 0x0000000100000000)
  region size 1024K, 8 young (8192K), 8 survivors (8192K)
 Metaspace       used 15029K, committed 15360K, reserved 1114112K
  class space    used 1171K, committed 1344K, reserved 1048576K
}
Event: 16.645 GC heap before
{Heap before GC invocations=11 (full 0):
 garbage-first heap   total 184320K, used 139264K [0x0000000081400000, 0x0000000100000000)
  region size 1024K, 50 young (51200K), 8 survivors (8192K)
 Metaspace       used 15043K, committed 15360K, reserved 1114112K
  class space    used 1171K, committed 1344K, reserved 1048576K
}
Event: 16.708 GC heap after
{Heap after GC invocations=12 (full 0):
 garbage-first heap   total 344064K, used 106496K [0x0000000081400000, 0x0000000100000000)
  region size 1024K, 7 young (7168K), 7 survivors (7168K)
 Metaspace       used 15043K, committed 15360K, reserved 1114112K
  class space    used 1171K, committed 1344K, reserved 1048576K
}
Event: 18.072 GC heap before
{Heap before GC invocations=13 (full 0):
 garbage-first heap   total 344064K, used 252928K [0x0000000081400000, 0x0000000100000000)
  region size 1024K, 150 young (153600K), 7 survivors (7168K)
 Metaspace       used 15053K, committed 15424K, reserved 1114112K
  class space    used 1171K, committed 1344K, reserved 1048576K
}
Event: 18.186 GC heap after
{Heap after GC invocations=14 (full 0):
 garbage-first heap   total 344064K, used 138240K [0x0000000081400000, 0x0000000100000000)
  region size 1024K, 19 young (19456K), 19 survivors (19456K)
 Metaspace       used 15053K, committed 15424K, reserved 1114112K
  class space    used 1171K, committed 1344K, reserved 1048576K
}
Event: 18.193 GC heap before
{Heap before GC invocations=14 (full 0):
 garbage-first heap   total 344064K, used 139264K [0x0000000081400000, 0x0000000100000000)
  region size 1024K, 20 young (20480K), 19 survivors (19456K)
 Metaspace       used 15053K, committed 15424K, reserved 1114112K
  class space    used 1171K, committed 1344K, reserved 1048576K
}
Event: 18.224 GC heap after
{Heap after GC invocations=15 (full 0):
 garbage-first heap   total 344064K, used 138752K [0x0000000081400000, 0x0000000100000000)
  region size 1024K, 1 young (1024K), 1 survivors (1024K)
 Metaspace       used 15053K, committed 15424K, reserved 1114112K
  class space    used 1171K, committed 1344K, reserved 1048576K
}
Event: 18.721 GC heap before
{Heap before GC invocations=15 (full 0):
 garbage-first heap   total 344064K, used 246272K [0x0000000081400000, 0x0000000100000000)
  region size 1024K, 107 young (109568K), 1 survivors (1024K)
 Metaspace       used 15064K, committed 15424K, reserved 1114112K
  class space    used 1171K, committed 1344K, reserved 1048576K
}
Event: 18.748 GC heap after
{Heap after GC invocations=16 (full 0):
 garbage-first heap   total 344064K, used 160256K [0x0000000081400000, 0x0000000100000000)
  region size 1024K, 14 young (14336K), 14 survivors (14336K)
 Metaspace       used 15064K, committed 15424K, reserved 1114112K
  class space    used 1171K, committed 1344K, reserved 1048576K
}
Event: 19.279 GC heap before
{Heap before GC invocations=16 (full 0):
 garbage-first heap   total 344064K, used 254464K [0x0000000081400000, 0x0000000100000000)
  region size 1024K, 106 young (108544K), 14 survivors (14336K)
 Metaspace       used 15089K, committed 15424K, reserved 1114112K
  class space    used 1171K, committed 1344K, reserved 1048576K
}
Event: 19.321 GC heap after
{Heap after GC invocations=17 (full 0):
 garbage-first heap   total 344064K, used 181245K [0x0000000081400000, 0x0000000100000000)
  region size 1024K, 14 young (14336K), 14 survivors (14336K)
 Metaspace       used 15089K, committed 15424K, reserved 1114112K
  class space    used 1171K, committed 1344K, reserved 1048576K
}
Event: 19.792 GC heap before
{Heap before GC invocations=17 (full 0):
 garbage-first heap   total 344064K, used 262141K [0x0000000081400000, 0x0000000100000000)
  region size 1024K, 93 young (95232K), 14 survivors (14336K)
 Metaspace       used 15111K, committed 15424K, reserved 1114112K
  class space    used 1171K, committed 1344K, reserved 1048576K
}

